2025-09-24 14:13:15 | Alert ID: 6004 | Type: sql_injection
2025-09-29 11:42:53 | Alert ID: 1745 | Type: sql_injection
2025-09-29 11:50:57 | Alert ID: 2359 | Type: sql_injection
2025-09-29 11:53:59 | Alert ID: 5401 | Type: xss
2025-09-29 11:54:22 | Alert ID: 4805 | Type: xss
2025-09-29 11:55:27 | Alert ID: 4674 | Type: xss
2025-09-29 11:56:19 | Alert ID: 4960 | Type: sql_injection
2025-09-29 11:57:57 | Alert ID: 4717 | Type: sql_injection
2025-09-29 12:09:20 | Alert ID: 3342 | Type: sql_injection
2025-09-29 12:36:39 | Alert ID: 5997 | Type: sql_injection
2025-09-29 13:02:52 | Alert ID: 3737 | Type: sql_injection
2025-09-29 14:10:20 | Alert ID: 3225 | Type: sql_injection
2025-09-29 14:53:18 | Alert ID: 7713 | Type: sql_injection
2025-09-29 15:02:01 | Alert ID: 4814 | Type: sql_injection
2025-11-28 01:56:06 | Alert ID: 4021 | Type: sql_injection
2025-11-28 03:12:57 | Alert ID: 9299 | Type: sql_injection
2025-11-28 03:17:51 | Alert ID: 1363 | Type: xss
2025-11-28 03:18:05 | Alert ID: 4809 | Type: sql_injection
2025-11-28 18:31:07 | Alert ID: 3090 | Type: xss
2025-11-28 18:31:35 | Alert ID: 2517 | Type: xss
2025-11-28 18:33:38 | Alert ID: 7711 | Type: xss
2025-11-28 19:13:32 | Alert ID: 3981 | Type: sql_injection
2025-11-28 19:13:33 | Alert ID: 9089 | Type: xss
2025-11-28 19:13:34 | Alert ID: 4442 | Type: bruteforce
2025-11-28 19:13:35 | Alert ID: 9642 | Type: command_injection
2025-11-28 19:13:37 | Alert ID: 7843 | Type: directory_traversal
2025-11-28 19:13:38 | Alert ID: 6225 | Type: session_hijacking
2025-11-28 19:13:39 | Alert ID: 2066 | Type: csrf_bypass
2025-11-28 19:13:41 | Alert ID: 2321 | Type: sql_injection
2025-11-28 19:13:42 | Alert ID: 7561 | Type: xss
2025-11-28 19:13:43 | Alert ID: 9313 | Type: bruteforce
2025-11-28 19:13:44 | Alert ID: 2711 | Type: command_injection
2025-11-28 19:13:47 | Alert ID: 8846 | Type: directory_traversal
2025-11-28 19:13:48 | Alert ID: 2576 | Type: session_hijacking
2025-11-28 19:13:49 | Alert ID: 8754 | Type: csrf_bypass
2025-11-28 19:14:01 | Alert ID: 2671 | Type: sql_injection
2025-11-28 19:14:02 | Alert ID: 4250 | Type: xss
2025-11-28 19:14:03 | Alert ID: 8127 | Type: bruteforce
2025-11-28 19:14:04 | Alert ID: 2196 | Type: command_injection
2025-11-28 19:14:10 | Alert ID: 2500 | Type: csrf_bypass
2025-11-28 19:14:12 | Alert ID: 2043 | Type: sql_injection
2025-11-28 19:14:13 | Alert ID: 9864 | Type: xss
2025-11-28 19:14:14 | Alert ID: 9839 | Type: bruteforce
2025-11-28 19:14:15 | Alert ID: 5835 | Type: command_injection
2025-11-28 19:14:19 | Alert ID: 3626 | Type: csrf_bypass
2025-11-28 19:15:02 | Alert ID: 6007 | Type: sql_injection
2025-11-28 19:15:03 | Alert ID: 3198 | Type: xss
2025-11-28 19:15:04 | Alert ID: 4073 | Type: bruteforce
2025-11-28 19:15:05 | Alert ID: 5958 | Type: command_injection
2025-11-28 19:15:09 | Alert ID: 2096 | Type: csrf_bypass
2025-11-28 19:15:11 | Alert ID: 5463 | Type: sql_injection
2025-11-28 19:15:12 | Alert ID: 8446 | Type: xss
2025-11-28 19:15:13 | Alert ID: 6816 | Type: bruteforce
2025-11-28 19:15:14 | Alert ID: 9507 | Type: command_injection
2025-11-28 19:15:18 | Alert ID: 1646 | Type: csrf_bypass
2025-11-28 19:15:46 | Alert ID: 7398 | Type: sql_injection
2025-11-28 19:15:47 | Alert ID: 4663 | Type: xss
2025-11-28 19:15:48 | Alert ID: 6669 | Type: bruteforce
2025-11-28 19:15:49 | Alert ID: 8728 | Type: command_injection
2025-11-28 19:15:51 | Alert ID: 6766 | Type: directory_traversal
2025-11-28 19:15:52 | Alert ID: 1598 | Type: session_hijacking
2025-11-28 19:15:53 | Alert ID: 7894 | Type: csrf_bypass
2025-11-28 19:15:55 | Alert ID: 1498 | Type: sql_injection
2025-11-28 19:15:57 | Alert ID: 2658 | Type: xss
2025-11-28 19:15:58 | Alert ID: 6560 | Type: bruteforce
2025-11-28 19:15:59 | Alert ID: 3208 | Type: command_injection
2025-11-28 19:16:01 | Alert ID: 1101 | Type: directory_traversal
2025-11-28 19:16:02 | Alert ID: 6941 | Type: session_hijacking
2025-11-28 19:16:03 | Alert ID: 3194 | Type: csrf_bypass
